<?xml version="1.0" encoding="UTF-8"?>
<!-- Generated by org.testng.reporters.JUnitReportReporter -->
<testsuite hostname="DESKTOP-UHE9LTI" failures="0" tests="1" name="tests.Login" time="19.317" errors="0" timestamp="2022-01-15T10:23:07 BDT" skipped="0">
  <testcase classname="tests.Login" name="loginTest" time="19.317"/>
  <system-out/>
</testsuite> <!-- tests.Login -->
